# JRE version: 7.0_10-b18
# Java VM: Java HotSpot(TM) 64-Bit Server VM (23.6-b04 mixed mode windows-amd64 compressed oops)
Heap
 PSYoungGen      total 137536K, used 41003K [0x00000007d5c00000, 0x00000007e3540000, 0x0000000800000000)
  eden space 129920K, 28% used [0x00000007d5c00000,0x00000007d7fd6bd0,0x00000007ddae0000)
  from space 7616K, 56% used [0x00000007ddae0000,0x00000007ddf14390,0x00000007de250000)
  to   space 7296K, 0% used [0x00000007e2e20000,0x00000007e2e20000,0x00000007e3540000)
 ParOldGen       total 86528K, used 8231K [0x0000000781400000, 0x0000000786880000, 0x00000007d5c00000)
  object space 86528K, 9% used [0x0000000781400000,0x0000000781c09e20,0x0000000786880000)
 PSPermGen       total 21248K, used 13414K [0x000000077c200000, 0x000000077d6c0000, 0x0000000781400000)
  object space 21248K, 63% used [0x000000077c200000,0x000000077cf19878,0x000000077d6c0000)
GC Heap History (10 events):
Event: 10.377 GC heap before
{Heap before GC invocations=5 (full 0):
 PSYoungGen      total 70400K, used 70031K [0x00000007d5c00000, 0x00000007da600000, 0x0000000800000000)
  eden space 65024K, 100% used [0x00000007d5c00000,0x00000007d9b80000,0x00000007d9b80000)
  from space 5376K, 93% used [0x00000007da0c0000,0x00000007da5a3d78,0x00000007da600000)
  to   space 5376K, 0% used [0x00000007d9b80000,0x00000007d9b80000,0x00000007da0c0000)
 ParOldGen       total 86528K, used 4771K [0x0000000781400000, 0x0000000786880000, 0x00000007d5c00000)
  object space 86528K, 5% used [0x0000000781400000,0x00000007818a8d10,0x0000000786880000)
 PSPermGen       total 21248K, used 13070K [0x000000077c200000, 0x000000077d6c0000, 0x0000000781400000)
  object space 21248K, 61% used [0x000000077c200000,0x000000077cec3850,0x000000077d6c0000)
Event: 10.391 GC heap after
Heap after GC invocations=5 (full 0):
 PSYoungGen      total 70400K, used 5053K [0x00000007d5c00000, 0x00000007de9a0000, 0x0000000800000000)
  eden space 65024K, 0% used [0x00000007d5c00000,0x00000007d5c00000,0x00000007d9b80000)
  from space 5376K, 93% used [0x00000007d9b80000,0x00000007da06f580,0x00000007da0c0000)
  to   space 7488K, 0% used [0x00000007de250000,0x00000007de250000,0x00000007de9a0000)
 ParOldGen       total 86528K, used 4779K [0x0000000781400000, 0x0000000786880000, 0x00000007d5c00000)
  object space 86528K, 5% used [0x0000000781400000,0x00000007818aad10,0x0000000786880000)
 PSPermGen       total 21248K, used 13070K [0x000000077c200000, 0x000000077d6c0000, 0x0000000781400000)
  object space 21248K, 61% used [0x000000077c200000,0x000000077cec3850,0x000000077d6c0000)
}
Event: 10.579 GC heap before
{Heap before GC invocations=6 (full 0):
 PSYoungGen      total 70400K, used 70077K [0x00000007d5c00000, 0x00000007de9a0000, 0x0000000800000000)
  eden space 65024K, 100% used [0x00000007d5c00000,0x00000007d9b80000,0x00000007d9b80000)
  from space 5376K, 93% used [0x00000007d9b80000,0x00000007da06f580,0x00000007da0c0000)
  to   space 7488K, 0% used [0x00000007de250000,0x00000007de250000,0x00000007de9a0000)
 ParOldGen       total 86528K, used 4779K [0x0000000781400000, 0x0000000786880000, 0x00000007d5c00000)
  object space 86528K, 5% used [0x0000000781400000,0x00000007818aad10,0x0000000786880000)
 PSPermGen       total 21248K, used 13071K [0x000000077c200000, 0x000000077d6c0000, 0x0000000781400000)
  object space 21248K, 61% used [0x000000077c200000,0x000000077cec3ef0,0x000000077d6c0000)
Event: 10.595 GC heap after
Heap after GC invocations=6 (full 0):
 PSYoungGen      total 137408K, used 6138K [0x00000007d5c00000, 0x00000007de9e0000, 0x0000000800000000)
  eden space 129920K, 0% used [0x00000007d5c00000,0x00000007d5c00000,0x00000007ddae0000)
  from space 7488K, 81% used [0x00000007de250000,0x00000007de84e8d0,0x00000007de9a0000)
  to   space 7616K, 0% used [0x00000007ddae0000,0x00000007ddae0000,0x00000007de250000)
 ParOldGen       total 86528K, used 4787K [0x0000000781400000, 0x0000000786880000, 0x00000007d5c00000)
  object space 86528K, 5% used [0x0000000781400000,0x00000007818acd10,0x0000000786880000)
 PSPermGen       total 21248K, used 13071K [0x000000077c200000, 0x000000077d6c0000, 0x0000000781400000)
  object space 21248K, 61% used [0x000000077c200000,0x000000077cec3ef0,0x000000077d6c0000)
}
Event: 31.459 GC heap before
{Heap before GC invocations=7 (full 0):
 PSYoungGen      total 137408K, used 136058K [0x00000007d5c00000, 0x00000007de9e0000, 0x0000000800000000)
  eden space 129920K, 100% used [0x00000007d5c00000,0x00000007ddae0000,0x00000007ddae0000)
  from space 7488K, 81% used [0x00000007de250000,0x00000007de84e8d0,0x00000007de9a0000)
  to   space 7616K, 0% used [0x00000007ddae0000,0x00000007ddae0000,0x00000007de250000)
 ParOldGen       total 86528K, used 4787K [0x0000000781400000, 0x0000000786880000, 0x00000007d5c00000)
  object space 86528K, 5% used [0x0000000781400000,0x00000007818acd10,0x0000000786880000)
 PSPermGen       total 21248K, used 13161K [0x000000077c200000, 0x000000077d6c0000, 0x0000000781400000)
  object space 21248K, 61% used [0x000000077c200000,0x000000077ceda618,0x000000077d6c0000)
Event: 31.475 GC heap after
Heap after GC invocations=7 (full 0):
 PSYoungGen      total 137536K, used 5148K [0x00000007d5c00000, 0x00000007de9e0000, 0x0000000800000000)
  eden space 129920K, 0% used [0x00000007d5c00000,0x00000007d5c00000,0x00000007ddae0000)
  from space 7616K, 67% used [0x00000007ddae0000,0x00000007ddfe7000,0x00000007de250000)
  to   space 7488K, 0% used [0x00000007de250000,0x00000007de250000,0x00000007de9a0000)
 ParOldGen       total 86528K, used 7418K [0x0000000781400000, 0x0000000786880000, 0x00000007d5c00000)
  object space 86528K, 8% used [0x0000000781400000,0x0000000781b3e800,0x0000000786880000)
 PSPermGen       total 21248K, used 13161K [0x000000077c200000, 0x000000077d6c0000, 0x0000000781400000)
  object space 21248K, 61% used [0x000000077c200000,0x000000077ceda618,0x000000077d6c0000)
}
Event: 34.992 GC heap before
{Heap before GC invocations=8 (full 0):
 PSYoungGen      total 137536K, used 135068K [0x00000007d5c00000, 0x00000007de9e0000, 0x0000000800000000)
  eden space 129920K, 100% used [0x00000007d5c00000,0x00000007ddae0000,0x00000007ddae0000)
  from space 7616K, 67% used [0x00000007ddae0000,0x00000007ddfe7000,0x00000007de250000)
  to   space 7488K, 0% used [0x00000007de250000,0x00000007de250000,0x00000007de9a0000)
 ParOldGen       total 86528K, used 7418K [0x0000000781400000, 0x0000000786880000, 0x00000007d5c00000)
  object space 86528K, 8% used [0x0000000781400000,0x0000000781b3e800,0x0000000786880000)
 PSPermGen       total 21248K, used 13262K [0x000000077c200000, 0x000000077d6c0000, 0x0000000781400000)
  object space 21248K, 62% used [0x000000077c200000,0x000000077cef3820,0x000000077d6c0000)
Event: 35.002 GC heap after
Heap after GC invocations=8 (full 0):
 PSYoungGen      total 137408K, used 4529K [0x00000007d5c00000, 0x00000007de9e0000, 0x0000000800000000)
  eden space 129920K, 0% used [0x00000007d5c00000,0x00000007d5c00000,0x00000007ddae0000)
  from space 7488K, 60% used [0x00000007de250000,0x00000007de6bc648,0x00000007de9a0000)
  to   space 7616K, 0% used [0x00000007ddae0000,0x00000007ddae0000,0x00000007de250000)
 ParOldGen       total 86528K, used 7926K [0x0000000781400000, 0x0000000786880000, 0x00000007d5c00000)
  object space 86528K, 9% used [0x0000000781400000,0x0000000781bbdb68,0x0000000786880000)
 PSPermGen       total 21248K, used 13262K [0x000000077c200000, 0x000000077d6c0000, 0x0000000781400000)
  object space 21248K, 62% used [0x000000077c200000,0x000000077cef3820,0x000000077d6c0000)
}
Event: 55.086 GC heap before
{Heap before GC invocations=9 (full 0):
 PSYoungGen      total 137408K, used 134449K [0x00000007d5c00000, 0x00000007de9e0000, 0x0000000800000000)
  eden space 129920K, 100% used [0x00000007d5c00000,0x00000007ddae0000,0x00000007ddae0000)
  from space 7488K, 60% used [0x00000007de250000,0x00000007de6bc648,0x00000007de9a0000)
  to   space 7616K, 0% used [0x00000007ddae0000,0x00000007ddae0000,0x00000007de250000)
 ParOldGen       total 86528K, used 7926K [0x0000000781400000, 0x0000000786880000, 0x00000007d5c00000)
  object space 86528K, 9% used [0x0000000781400000,0x0000000781bbdb68,0x0000000786880000)
 PSPermGen       total 21248K, used 13356K [0x000000077c200000, 0x000000077d6c0000, 0x0000000781400000)
  object space 21248K, 62% used [0x000000077c200000,0x000000077cf0b278,0x000000077d6c0000)
Event: 55.093 GC heap after
Heap after GC invocations=9 (full 0):
 PSYoungGen      total 137536K, used 4304K [0x00000007d5c00000, 0x00000007e3540000, 0x0000000800000000)
  eden space 129920K, 0% used [0x00000007d5c00000,0x00000007d5c00000,0x00000007ddae0000)
  from space 7616K, 56% used [0x00000007ddae0000,0x00000007ddf14390,0x00000007de250000)
  to   space 7296K, 0% used [0x00000007e2e20000,0x00000007e2e20000,0x00000007e3540000)
 ParOldGen       total 86528K, used 8231K [0x0000000781400000, 0x0000000786880000, 0x00000007d5c00000)
  object space 86528K, 9% used [0x0000000781400000,0x0000000781c09e20,0x0000000786880000)
 PSPermGen       total 21248K, used 13356K [0x000000077c200000, 0x000000077d6c0000, 0x0000000781400000)
  object space 21248K, 62% used [0x000000077c200000,0x000000077cf0b278,0x000000077d6c0000)
}

